[debug] [2020-07-15T21:45:42.444Z] ----------------------------------------------------------------------
[debug] [2020-07-15T21:45:42.453Z] Command:       C:\Program Files\nodejs\node.exe C:\Users\juanc\AppData\Roaming\npm\node_modules\firebase-tools\lib\bin\firebase.js init
[debug] [2020-07-15T21:45:42.454Z] CLI Version:   7.6.2
[debug] [2020-07-15T21:45:42.454Z] Platform:      win32
[debug] [2020-07-15T21:45:42.455Z] Node Version:  v10.16.2
[debug] [2020-07-15T21:45:42.458Z] Time:          Wed Jul 15 2020 16:45:42 GMT-0500 (GMT-05:00)
[debug] [2020-07-15T21:45:42.459Z] ----------------------------------------------------------------------
[debug] [2020-07-15T21:45:42.459Z] 
[debug] [2020-07-15T21:45:42.485Z] > command requires scopes: ["email","openid","https://www.googleapis.com/auth/cloudplatformprojects.readonly","https://www.googleapis.com/auth/firebase","https://www.googleapis.com/auth/cloud-platform"]
[debug] [2020-07-15T21:45:42.486Z] > authorizing via signed-in user
[info] 
     ######## #### ########  ######## ########     ###     ######  ########
     ##        ##  ##     ## ##       ##     ##  ##   ##  ##       ##
     ######    ##  ########  ######   ########  #########  ######  ######
     ##        ##  ##    ##  ##       ##     ## ##     ##       ## ##
     ##       #### ##     ## ######## ########  ##     ##  ######  ########

You're about to initialize a Firebase project in this directory:

  C:\Users\juanc\Documents\AnamnesisFront\AnamnesisFront

[info] 
=== Project Setup
[info] 
[info] First, let's associate this project directory with a Firebase project.
[info] You can create multiple project aliases by running firebase use --add, 
[info] but for now we'll just set up a default project.
[info] 
[debug] [2020-07-15T21:46:25.978Z] > refreshing access token with scopes: ["email","https://www.googleapis.com/auth/cloud-platform","https://www.googleapis.com/auth/cloudplatformprojects.readonly","https://www.googleapis.com/auth/firebase","openid"]
[debug] [2020-07-15T21:46:25.980Z] >>> HTTP REQUEST POST https://www.googleapis.com/oauth2/v3/token  
 <request body omitted>
[debug] [2020-07-15T21:46:26.600Z] <<< HTTP RESPONSE 400
[debug] [2020-07-15T21:46:26.603Z] >>> HTTP REQUEST GET https://firebase.googleapis.com/v1beta1/availableProjects?pageSize=100  
 
[debug] [2020-07-15T21:46:27.053Z] <<< HTTP RESPONSE 401
[debug] [2020-07-15T21:46:27.054Z] <<< HTTP RESPONSE BODY
[debug] [2020-07-15T21:46:27.060Z] HTTP Error: 401, Request had invalid authentication credentials. Expected OAuth 2 access token, login cookie or other valid authentication credential. See https://developers.google.com/identity/sign-in/web/devconsole-project.
[debug] [2020-07-15T21:46:27.497Z] FirebaseError: HTTP Error: 401, Request had invalid authentication credentials. Expected OAuth 2 access token, login cookie or other valid authentication credential. See https://developers.google.com/identity/sign-in/web/devconsole-project.
    at module.exports (C:\Users\juanc\AppData\Roaming\npm\node_modules\firebase-tools\lib\responseToError.js:38:12)
    at Request._callback (C:\Users\juanc\AppData\Roaming\npm\node_modules\firebase-tools\lib\api.js:39:35)
    at Request.self.callback (C:\Users\juanc\AppData\Roaming\npm\node_modules\firebase-tools\node_modules\request\request.js:185:22)
    at Request.emit (events.js:198:13)
    at Request.EventEmitter.emit (domain.js:448:20)
    at Request.<anonymous> (C:\Users\juanc\AppData\Roaming\npm\node_modules\firebase-tools\node_modules\request\request.js:1161:10)
    at Request.emit (events.js:198:13)
    at Request.EventEmitter.emit (domain.js:448:20)
    at IncomingMessage.<anonymous> (C:\Users\juanc\AppData\Roaming\npm\node_modules\firebase-tools\node_modules\request\request.js:1083:12)
    at Object.onceWrapper (events.js:286:20)
[error] 
[error] Error: Failed to list available Google Cloud Platform projects. See firebase-debug.log for more info.
[debug] [2020-07-15T21:46:39.035Z] ----------------------------------------------------------------------
[debug] [2020-07-15T21:46:39.048Z] Command:       C:\Program Files\nodejs\node.exe C:\Users\juanc\AppData\Roaming\npm\node_modules\firebase-tools\lib\bin\firebase.js init
[debug] [2020-07-15T21:46:39.049Z] CLI Version:   7.6.2
[debug] [2020-07-15T21:46:39.049Z] Platform:      win32
[debug] [2020-07-15T21:46:39.049Z] Node Version:  v10.16.2
[debug] [2020-07-15T21:46:39.054Z] Time:          Wed Jul 15 2020 16:46:39 GMT-0500 (GMT-05:00)
[debug] [2020-07-15T21:46:39.054Z] ----------------------------------------------------------------------
[debug] [2020-07-15T21:46:39.054Z] 
[debug] [2020-07-15T21:46:39.094Z] > command requires scopes: ["email","openid","https://www.googleapis.com/auth/cloudplatformprojects.readonly","https://www.googleapis.com/auth/firebase","https://www.googleapis.com/auth/cloud-platform"]
[debug] [2020-07-15T21:46:39.096Z] > authorizing via signed-in user
[info] 
     ######## #### ########  ######## ########     ###     ######  ########
     ##        ##  ##     ## ##       ##     ##  ##   ##  ##       ##
     ######    ##  ########  ######   ########  #########  ######  ######
     ##        ##  ##    ##  ##       ##     ## ##     ##       ## ##
     ##       #### ##     ## ######## ########  ##     ##  ######  ########

You're about to initialize a Firebase project in this directory:

  C:\Users\juanc\Documents\AnamnesisFront\AnamnesisFront

[info] 
=== Project Setup
[info] 
[info] First, let's associate this project directory with a Firebase project.
[info] You can create multiple project aliases by running firebase use --add, 
[info] but for now we'll just set up a default project.
[info] 
[debug] [2020-07-15T21:46:54.260Z] > refreshing access token with scopes: ["email","https://www.googleapis.com/auth/cloud-platform","https://www.googleapis.com/auth/cloudplatformprojects.readonly","https://www.googleapis.com/auth/firebase","openid"]
[debug] [2020-07-15T21:46:54.261Z] >>> HTTP REQUEST POST https://www.googleapis.com/oauth2/v3/token  
 <request body omitted>
[debug] [2020-07-15T21:46:54.905Z] <<< HTTP RESPONSE 400
[debug] [2020-07-15T21:46:54.908Z] >>> HTTP REQUEST GET https://firebase.googleapis.com/v1beta1/projects?pageSize=100  
 
[debug] [2020-07-15T21:46:55.369Z] <<< HTTP RESPONSE 401
[debug] [2020-07-15T21:46:55.369Z] <<< HTTP RESPONSE BODY
[debug] [2020-07-15T21:46:55.375Z] HTTP Error: 401, Request had invalid authentication credentials. Expected OAuth 2 access token, login cookie or other valid authentication credential. See https://developers.google.com/identity/sign-in/web/devconsole-project.
[debug] [2020-07-15T21:46:55.793Z] FirebaseError: HTTP Error: 401, Request had invalid authentication credentials. Expected OAuth 2 access token, login cookie or other valid authentication credential. See https://developers.google.com/identity/sign-in/web/devconsole-project.
    at module.exports (C:\Users\juanc\AppData\Roaming\npm\node_modules\firebase-tools\lib\responseToError.js:38:12)
    at Request._callback (C:\Users\juanc\AppData\Roaming\npm\node_modules\firebase-tools\lib\api.js:39:35)
    at Request.self.callback (C:\Users\juanc\AppData\Roaming\npm\node_modules\firebase-tools\node_modules\request\request.js:185:22)
    at Request.emit (events.js:198:13)
    at Request.EventEmitter.emit (domain.js:448:20)
    at Request.<anonymous> (C:\Users\juanc\AppData\Roaming\npm\node_modules\firebase-tools\node_modules\request\request.js:1161:10)
    at Request.emit (events.js:198:13)
    at Request.EventEmitter.emit (domain.js:448:20)
    at IncomingMessage.<anonymous> (C:\Users\juanc\AppData\Roaming\npm\node_modules\firebase-tools\node_modules\request\request.js:1083:12)
    at Object.onceWrapper (events.js:286:20)
[error] 
[error] Error: Failed to list Firebase projects. See firebase-debug.log for more info.
